<?xml version="1.0" encoding="UTF-8"?>
<!-- Generated by org.testng.reporters.JUnitReportReporter -->
<testsuite skipped="0" hostname="DESKTOP-S35ETBF" name="com.Test.TC_01_Verify_Guest_Able_To_Place_An_Order" tests="1" failures="0" timestamp="03 Nov 2019 12:39:44 GMT" time="22.733" errors="0">
  <testcase name="addorderintocart" time="22.733" classname="com.Test.TC_01_Verify_Guest_Able_To_Place_An_Order"/>
</testsuite> <!-- com.Test.TC_01_Verify_Guest_Able_To_Place_An_Order -->
